生成启动时间为 2020/6/18 20:30:10。
     1>项目“C:\Users\w1396\Desktop\大二下-学习\数据结构补充、实践课、算法\停车场路线规划项目\停车场路线规划\停车场路线规划\停车场路线规划.vcxproj”在节点 2 上(build 个目标)。
     1>InitializeBuildStatus:
         正在对“Debug\停车场路线规划.unsuccessfulbuild”执行 Touch 任务。
       ClCompile:
         所有输出均为最新。
       ManifestResourceCompile:
         所有输出均为最新。
       Link:
         c:\Program Files (x86)\Microsoft Visual Studio 10.0\VC\bin\link.exe /ERRORREPORT:PROMPT /OUT:"C:\Users\w1396\Desktop\大二下-学习\数据结构补充、实践课、算法\停车场路线规划项目\停车场路线规划\Debug\停车场路线规划.exe" /INCREMENTAL /NOLOGO kernel32.lib user32.lib gdi32.lib winspool.lib comdlg32.lib advapi32.lib shell32.lib ole32.lib oleaut32.lib uuid.lib odbc32.lib odbccp32.lib /MANIFEST /ManifestFile:"Debug\停车场路线规划.exe.intermediate.manifest" /MANIFESTUAC:"level='asInvoker' uiAccess='false'" /DEBUG /PDB:"C:\Users\w1396\Desktop\大二下-学习\数据结构补充、实践课、算法\停车场路线规划项目\停车场路线规划\Debug\停车场路线规划.pdb" /SUBSYSTEM:CONSOLE /TLBID:1 /DYNAMICBASE /NXCOMPAT /IMPLIB:"C:\Users\w1396\Desktop\大二下-学习\数据结构补充、实践课、算法\停车场路线规划项目\停车场路线规划\Debug\停车场路线规划.lib" /MACHINE:X86 "Debug\停车场路线规划.exe.embed.manifest.res"
         Debug\Implementation.obj
         Debug\main.obj
       Manifest:
         c:\Program Files (x86)\Microsoft SDKs\Windows\v7.0A\bin\mt.exe /nologo /verbose /out:"Debug\停车场路线规划.exe.embed.manifest" /manifest "Debug\停车场路线规划.exe.intermediate.manifest"
         所有输出均为最新。
       LinkEmbedManifest:
         所有输出均为最新。
         停车场路线规划.vcxproj -> C:\Users\w1396\Desktop\大二下-学习\数据结构补充、实践课、算法\停车场路线规划项目\停车场路线规划\Debug\停车场路线规划.exe
       FinalizeBuildStatus:
         正在删除文件“Debug\停车场路线规划.unsuccessfulbuild”。
         正在对“Debug\停车场路线规划.lastbuildstate”执行 Touch 任务。
     1>已完成生成项目“C:\Users\w1396\Desktop\大二下-学习\数据结构补充、实践课、算法\停车场路线规划项目\停车场路线规划\停车场路线规划\停车场路线规划.vcxproj”(build 个目标)的操作。

生成成功。

已用时间 00:00:03.65
